{"/home/new/Desktop/24/lab1WithTest/lab1/lab1.js": {"path":"/home/new/Desktop/24/lab1WithTest/lab1/lab1.js","statementMap":{"0":{"start":{"line":7,"column":4},"end":{"line":7,"column":29}},"1":{"start":{"line":7,"column":22},"end":{"line":7,"column":29}},"2":{"start":{"line":8,"column":4},"end":{"line":8,"column":65}},"3":{"start":{"line":13,"column":4},"end":{"line":13,"column":29}},"4":{"start":{"line":13,"column":22},"end":{"line":13,"column":29}},"5":{"start":{"line":14,"column":15},"end":{"line":14,"column":17}},"6":{"start":{"line":15,"column":4},"end":{"line":17,"column":5}},"7":{"start":{"line":16,"column":8},"end":{"line":16,"column":15}},"8":{"start":{"line":18,"column":4},"end":{"line":20,"column":5}},"9":{"start":{"line":18,"column":17},"end":{"line":18,"column":18}},"10":{"start":{"line":19,"column":8},"end":{"line":19,"column":48}},"11":{"start":{"line":21,"column":4},"end":{"line":21,"column":17}},"12":{"start":{"line":26,"column":4},"end":{"line":26,"column":29}},"13":{"start":{"line":26,"column":22},"end":{"line":26,"column":29}},"14":{"start":{"line":27,"column":4},"end":{"line":27,"column":32}},"15":{"start":{"line":33,"column":4},"end":{"line":33,"column":29}},"16":{"start":{"line":33,"column":22},"end":{"line":33,"column":29}},"17":{"start":{"line":34,"column":8},"end":{"line":38,"column":9}},"18":{"start":{"line":34,"column":21},"end":{"line":34,"column":22}},"19":{"start":{"line":35,"column":12},"end":{"line":35,"column":69}},"20":{"start":{"line":36,"column":12},"end":{"line":36,"column":75}},"21":{"start":{"line":36,"column":62},"end":{"line":36,"column":75}},"22":{"start":{"line":39,"column":8},"end":{"line":39,"column":20}},"23":{"start":{"line":50,"column":4},"end":{"line":50,"column":29}},"24":{"start":{"line":50,"column":22},"end":{"line":50,"column":29}},"25":{"start":{"line":51,"column":4},"end":{"line":51,"column":32}},"26":{"start":{"line":51,"column":24},"end":{"line":51,"column":30}},"27":{"start":{"line":56,"column":4},"end":{"line":56,"column":29}},"28":{"start":{"line":56,"column":22},"end":{"line":56,"column":29}},"29":{"start":{"line":57,"column":4},"end":{"line":57,"column":34}},"30":{"start":{"line":57,"column":26},"end":{"line":57,"column":32}},"31":{"start":{"line":62,"column":4},"end":{"line":62,"column":29}},"32":{"start":{"line":62,"column":22},"end":{"line":62,"column":29}},"33":{"start":{"line":63,"column":15},"end":{"line":63,"column":16}},"34":{"start":{"line":64,"column":4},"end":{"line":66,"column":5}},"35":{"start":{"line":65,"column":8},"end":{"line":65,"column":21}},"36":{"start":{"line":67,"column":4},"end":{"line":67,"column":17}},"37":{"start":{"line":72,"column":4},"end":{"line":72,"column":29}},"38":{"start":{"line":72,"column":22},"end":{"line":72,"column":29}},"39":{"start":{"line":73,"column":15},"end":{"line":73,"column":16}},"40":{"start":{"line":74,"column":4},"end":{"line":76,"column":5}},"41":{"start":{"line":75,"column":8},"end":{"line":75,"column":21}},"42":{"start":{"line":77,"column":4},"end":{"line":77,"column":42}},"43":{"start":{"line":87,"column":4},"end":{"line":89,"column":5}},"44":{"start":{"line":88,"column":8},"end":{"line":88,"column":54}},"45":{"start":{"line":90,"column":4},"end":{"line":90,"column":11}},"46":{"start":{"line":95,"column":4},"end":{"line":95,"column":37}},"47":{"start":{"line":95,"column":25},"end":{"line":95,"column":37}},"48":{"start":{"line":96,"column":4},"end":{"line":96,"column":17}},"49":{"start":{"line":101,"column":4},"end":{"line":103,"column":5}},"50":{"start":{"line":102,"column":8},"end":{"line":102,"column":59}},"51":{"start":{"line":102,"column":38},"end":{"line":102,"column":58}},"52":{"start":{"line":104,"column":4},"end":{"line":104,"column":11}},"53":{"start":{"line":111,"column":4},"end":{"line":111,"column":33}},"54":{"start":{"line":113,"column":0},"end":{"line":113,"column":45}},"55":{"start":{"line":114,"column":0},"end":{"line":114,"column":52}},"56":{"start":{"line":116,"column":0},"end":{"line":116,"column":129}}},"fnMap":{"0":{"name":"capitalize","decl":{"start":{"line":6,"column":9},"end":{"line":6,"column":19}},"loc":{"start":{"line":6,"column":25},"end":{"line":9,"column":1}},"line":6},"1":{"name":"reverse","decl":{"start":{"line":12,"column":9},"end":{"line":12,"column":16}},"loc":{"start":{"line":12,"column":22},"end":{"line":22,"column":1}},"line":12},"2":{"name":"wordCount","decl":{"start":{"line":25,"column":9},"end":{"line":25,"column":18}},"loc":{"start":{"line":25,"column":23},"end":{"line":28,"column":1}},"line":25},"3":{"name":"isPalindrome","decl":{"start":{"line":32,"column":9},"end":{"line":32,"column":21}},"loc":{"start":{"line":32,"column":27},"end":{"line":40,"column":1}},"line":32},"4":{"name":"double","decl":{"start":{"line":49,"column":9},"end":{"line":49,"column":15}},"loc":{"start":{"line":49,"column":21},"end":{"line":52,"column":1}},"line":49},"5":{"name":"(anonymous_5)","decl":{"start":{"line":51,"column":19},"end":{"line":51,"column":20}},"loc":{"start":{"line":51,"column":24},"end":{"line":51,"column":30}},"line":51},"6":{"name":"filterEven","decl":{"start":{"line":55,"column":9},"end":{"line":55,"column":19}},"loc":{"start":{"line":55,"column":25},"end":{"line":58,"column":1}},"line":55},"7":{"name":"(anonymous_7)","decl":{"start":{"line":57,"column":22},"end":{"line":57,"column":23}},"loc":{"start":{"line":57,"column":26},"end":{"line":57,"column":32}},"line":57},"8":{"name":"sum","decl":{"start":{"line":61,"column":9},"end":{"line":61,"column":12}},"loc":{"start":{"line":61,"column":18},"end":{"line":68,"column":1}},"line":61},"9":{"name":"average","decl":{"start":{"line":71,"column":9},"end":{"line":71,"column":16}},"loc":{"start":{"line":71,"column":22},"end":{"line":78,"column":1}},"line":71},"10":{"name":"fullName","decl":{"start":{"line":86,"column":9},"end":{"line":86,"column":17}},"loc":{"start":{"line":86,"column":26},"end":{"line":91,"column":1}},"line":86},"11":{"name":"isAdult","decl":{"start":{"line":94,"column":9},"end":{"line":94,"column":16}},"loc":{"start":{"line":94,"column":25},"end":{"line":97,"column":1}},"line":94},"12":{"name":"filterByAge","decl":{"start":{"line":100,"column":9},"end":{"line":100,"column":20}},"loc":{"start":{"line":100,"column":37},"end":{"line":105,"column":1}},"line":100},"13":{"name":"(anonymous_13)","decl":{"start":{"line":102,"column":29},"end":{"line":102,"column":30}},"loc":{"start":{"line":102,"column":38},"end":{"line":102,"column":58}},"line":102},"14":{"name":"compose","decl":{"start":{"line":110,"column":9},"end":{"line":110,"column":16}},"loc":{"start":{"line":110,"column":25},"end":{"line":112,"column":1}},"line":110}},"branchMap":{"0":{"loc":{"start":{"line":7,"column":4},"end":{"line":7,"column":29}},"type":"if","locations":[{"start":{"line":7,"column":4},"end":{"line":7,"column":29}},{"start":{},"end":{}}],"line":7},"1":{"loc":{"start":{"line":13,"column":4},"end":{"line":13,"column":29}},"type":"if","locations":[{"start":{"line":13,"column":4},"end":{"line":13,"column":29}},{"start":{},"end":{}}],"line":13},"2":{"loc":{"start":{"line":15,"column":4},"end":{"line":17,"column":5}},"type":"if","locations":[{"start":{"line":15,"column":4},"end":{"line":17,"column":5}},{"start":{},"end":{}}],"line":15},"3":{"loc":{"start":{"line":26,"column":4},"end":{"line":26,"column":29}},"type":"if","locations":[{"start":{"line":26,"column":4},"end":{"line":26,"column":29}},{"start":{},"end":{}}],"line":26},"4":{"loc":{"start":{"line":33,"column":4},"end":{"line":33,"column":29}},"type":"if","locations":[{"start":{"line":33,"column":4},"end":{"line":33,"column":29}},{"start":{},"end":{}}],"line":33},"5":{"loc":{"start":{"line":36,"column":12},"end":{"line":36,"column":75}},"type":"if","locations":[{"start":{"line":36,"column":12},"end":{"line":36,"column":75}},{"start":{},"end":{}}],"line":36},"6":{"loc":{"start":{"line":50,"column":4},"end":{"line":50,"column":29}},"type":"if","locations":[{"start":{"line":50,"column":4},"end":{"line":50,"column":29}},{"start":{},"end":{}}],"line":50},"7":{"loc":{"start":{"line":56,"column":4},"end":{"line":56,"column":29}},"type":"if","locations":[{"start":{"line":56,"column":4},"end":{"line":56,"column":29}},{"start":{},"end":{}}],"line":56},"8":{"loc":{"start":{"line":62,"column":4},"end":{"line":62,"column":29}},"type":"if","locations":[{"start":{"line":62,"column":4},"end":{"line":62,"column":29}},{"start":{},"end":{}}],"line":62},"9":{"loc":{"start":{"line":72,"column":4},"end":{"line":72,"column":29}},"type":"if","locations":[{"start":{"line":72,"column":4},"end":{"line":72,"column":29}},{"start":{},"end":{}}],"line":72},"10":{"loc":{"start":{"line":87,"column":4},"end":{"line":89,"column":5}},"type":"if","locations":[{"start":{"line":87,"column":4},"end":{"line":89,"column":5}},{"start":{},"end":{}}],"line":87},"11":{"loc":{"start":{"line":87,"column":8},"end":{"line":87,"column":43}},"type":"binary-expr","locations":[{"start":{"line":87,"column":8},"end":{"line":87,"column":24}},{"start":{"line":87,"column":28},"end":{"line":87,"column":43}}],"line":87},"12":{"loc":{"start":{"line":95,"column":4},"end":{"line":95,"column":37}},"type":"if","locations":[{"start":{"line":95,"column":4},"end":{"line":95,"column":37}},{"start":{},"end":{}}],"line":95},"13":{"loc":{"start":{"line":101,"column":4},"end":{"line":103,"column":5}},"type":"if","locations":[{"start":{"line":101,"column":4},"end":{"line":103,"column":5}},{"start":{},"end":{}}],"line":101}},"s":{"0":2,"1":0,"2":2,"3":2,"4":0,"5":2,"6":2,"7":0,"8":2,"9":2,"10":14,"11":2,"12":1,"13":0,"14":1,"15":2,"16":0,"17":2,"18":2,"19":3,"20":3,"21":1,"22":1,"23":2,"24":0,"25":2,"26":9,"27":1,"28":0,"29":1,"30":5,"31":2,"32":0,"33":2,"34":2,"35":9,"36":2,"37":1,"38":0,"39":1,"40":1,"41":5,"42":1,"43":1,"44":1,"45":0,"46":2,"47":1,"48":1,"49":1,"50":1,"51":4,"52":0,"53":2,"54":1,"55":1,"56":1},"f":{"0":2,"1":2,"2":1,"3":2,"4":2,"5":9,"6":1,"7":5,"8":2,"9":1,"10":1,"11":2,"12":1,"13":4,"14":2},"b":{"0":[0,2],"1":[0,2],"2":[0,2],"3":[0,1],"4":[0,2],"5":[1,2],"6":[0,2],"7":[0,1],"8":[0,2],"9":[0,1],"10":[1,0],"11":[1,1],"12":[1,1],"13":[1,0]},"_coverageSchema":"1a1c01bbd47fc00a2c39e90264f33305004495a9","hash":"ee3e772811260c032a7d531fa8ad0c2120d7bcc8"}
}
