TN:
SF:lab1.js
FN:6,capitalize
FN:12,reverse
FN:25,wordCount
FN:32,isPalindrome
FN:49,double
FN:51,(anonymous_5)
FN:55,filterEven
FN:57,(anonymous_7)
FN:61,sum
FN:71,average
FN:86,fullName
FN:94,isAdult
FN:100,filterByAge
FN:102,(anonymous_13)
FN:110,compose
FNF:15
FNH:15
FNDA:2,capitalize
FNDA:2,reverse
FNDA:1,wordCount
FNDA:2,isPalindrome
FNDA:2,double
FNDA:9,(anonymous_5)
FNDA:1,filterEven
FNDA:5,(anonymous_7)
FNDA:2,sum
FNDA:1,average
FNDA:1,fullName
FNDA:2,isAdult
FNDA:1,filterByAge
FNDA:4,(anonymous_13)
FNDA:2,compose
DA:7,2
DA:8,2
DA:13,2
DA:14,2
DA:15,2
DA:16,0
DA:18,2
DA:19,14
DA:21,2
DA:26,1
DA:27,1
DA:33,2
DA:34,2
DA:35,3
DA:36,3
DA:39,1
DA:50,2
DA:51,9
DA:56,1
DA:57,5
DA:62,2
DA:63,2
DA:64,2
DA:65,9
DA:67,2
DA:72,1
DA:73,1
DA:74,1
DA:75,5
DA:77,1
DA:87,1
DA:88,1
DA:90,0
DA:95,2
DA:96,1
DA:101,1
DA:102,4
DA:104,0
DA:111,2
DA:113,1
DA:114,1
DA:116,1
LF:42
LH:39
BRDA:7,0,0,0
BRDA:7,0,1,2
BRDA:13,1,0,0
BRDA:13,1,1,2
BRDA:15,2,0,0
BRDA:15,2,1,2
BRDA:26,3,0,0
BRDA:26,3,1,1
BRDA:33,4,0,0
BRDA:33,4,1,2
BRDA:36,5,0,1
BRDA:36,5,1,2
BRDA:50,6,0,0
BRDA:50,6,1,2
BRDA:56,7,0,0
BRDA:56,7,1,1
BRDA:62,8,0,0
BRDA:62,8,1,2
BRDA:72,9,0,0
BRDA:72,9,1,1
BRDA:87,10,0,1
BRDA:87,10,1,0
BRDA:87,11,0,1
BRDA:87,11,1,1
BRDA:95,12,0,1
BRDA:95,12,1,1
BRDA:101,13,0,1
BRDA:101,13,1,0
BRF:28
BRH:17
end_of_record
